This is pdfTeX, Version 3.14159265-2.6-1.40.15 (TeX Live 2014) (preloaded format=pdflatex 2015.2.12)  29 MAR 2015 00:16
entering extended mode
 restricted \write18 enabled.
 file:line:error style messages enabled.
 %&-line parsing enabled.
**nouveau2.tex
(./nouveau2.tex
LaTeX2e <2014/05/01>
Babel <3.9k> and hyphenation patterns for 78 languages loaded.
(/usr/local/texlive/2014/texmf-dist/tex/latex/base/article.cls
Document Class: article 2007/10/19 v1.4h Standard LaTeX document class
(/usr/local/texlive/2014/texmf-dist/tex/latex/base/size10.clo
File: size10.clo 2007/10/19 v1.4h Standard LaTeX file (size option)
)
\c@part=\count79
\c@section=\count80
\c@subsection=\count81
\c@subsubsection=\count82
\c@paragraph=\count83
\c@subparagraph=\count84
\c@figure=\count85
\c@table=\count86
\abovecaptionskip=\skip41
\belowcaptionskip=\skip42
\bibindent=\dimen102
)
(/usr/local/texlive/2014/texmf-dist/tex/latex/base/fontenc.sty
Package: fontenc 2005/09/27 v1.99g Standard LaTeX package

(/usr/local/texlive/2014/texmf-dist/tex/latex/base/t1enc.def
File: t1enc.def 2005/09/27 v1.99g Standard LaTeX file
LaTeX Font Info:    Redeclaring font encoding T1 on input line 43.
))
(/usr/local/texlive/2014/texmf-dist/tex/latex/base/inputenc.sty
Package: inputenc 2014/04/30 v1.2b Input encoding file
\inpenc@prehook=\toks14
\inpenc@posthook=\toks15

(/usr/local/texlive/2014/texmf-dist/tex/latex/base/latin9.def
File: latin9.def 2014/04/30 v1.2b Input encoding file
))
(/usr/local/texlive/2014/texmf-dist/tex/latex/tipa/tipa.sty
Package: tipa 2002/08/08 TIPA version 1.1

(/usr/local/texlive/2014/texmf-dist/tex/latex/base/fontenc.sty
Package: fontenc 2005/09/27 v1.99g Standard LaTeX package

(/usr/local/texlive/2014/texmf-dist/tex/latex/tipa/t3enc.def
File: t3enc.def 2001/12/31 T3 encoding
LaTeX Font Info:    Try loading font information for T1+cmss on input line 357.


(/usr/local/texlive/2014/texmf-dist/tex/latex/base/t1cmss.fd
File: t1cmss.fd 1999/05/25 v2.5h Standard LaTeX font definitions
))
(/usr/local/texlive/2014/texmf-dist/tex/latex/base/t1enc.def
File: t1enc.def 2005/09/27 v1.99g Standard LaTeX file
LaTeX Font Info:    Redeclaring font encoding T1 on input line 43.
)))
(/usr/local/texlive/2014/texmf-dist/tex/generic/babel/babel.sty
Package: babel 2014/03/24 3.9k The Babel package

(/usr/local/texlive/2014/texmf-dist/tex/generic/babel-french/frenchb.ldf
Language: frenchb 2014/04/18 v3.0c French support from the babel system

(/usr/local/texlive/2014/texmf-dist/tex/generic/babel/babel.def
File: babel.def 2014/03/24 3.9k Babel common definitions
\babel@savecnt=\count87
\U@D=\dimen103
)
\l@acadian = a dialect from \language\l@french 
\l@canadien = a dialect from \language\l@french 
\FBcolonskip=\skip43
\FBthinskip=\skip44
\FB@interchartokenstateORI=\count88
Package babel Info: Making : an active character on input line 371.
Package babel Info: Making ; an active character on input line 372.
Package babel Info: Making ! an active character on input line 373.
Package babel Info: Making ? an active character on input line 374.
\FBguillskip=\skip45
\FB@Mht=\dimen104
\std@mcc=\count89
\dec@mcc=\count90
\listindentFB=\skip46
\labelwidthFB=\skip47
\leftmarginFB=\skip48
\parindentFFN=\dimen105
)
(/usr/local/texlive/2014/texmf-dist/tex/generic/babel-english/english.ldf
Language: english 2012/08/20 v3.3p English support from the babel system
\l@canadian = a dialect from \language\l@american 
\l@australian = a dialect from \language\l@british 
\l@newzealand = a dialect from \language\l@british 
))
(/usr/local/texlive/2014/texmf-dist/tex/latex/carlisle/scalefnt.sty)
(/usr/local/texlive/2014/texmf-dist/tex/latex/graphics/keyval.sty
Package: keyval 2014/05/08 v1.15 key=value parser (DPC)
\KV@toks@=\toks16
)

! LaTeX Error: File `MinionPro.sty' not found.

Type X to quit or <RETURN> to proceed,
or enter new name. (Default extension: sty)

Enter file name: 
./nouveau2.tex:9: Emergency stop.
<read *> 
         
l.9 \makeatletter
                 ^^M
End of file on the terminal!

 
Here is how much of TeX's memory you used:
 2296 strings out of 493117
 29922 string characters out of 6135433
 85767 words of memory out of 5000000
 5795 multiletter control sequences out of 15000+600000
 7445 words of font info for 19 fonts, out of 8000000 for 9000
 1141 hyphenation exceptions out of 8191
 35i,0n,30p,213b,439s stack positions out of 5000i,500n,10000p,200000b,80000s
./nouveau2.tex:9:  ==> Fatal error occurred, no output PDF file produced!
