This is pdfTeXk, Version 3.141592-1.40.3 (Web2C 7.5.6) (format=pdflatex 2007.3.10)  5 MAR 2015 17:47
entering extended mode
\write18 enabled.
 %&-line parsing enabled.
**gretsifr.tex
(./gretsifr.tex
LaTeX2e <2005/12/01>
Babel <v3.8h> and hyphenation patterns for english, usenglishmax, dumylang, noh
yphenation, arabic, basque, bulgarian, coptic, welsh, czech, slovak, german, ng
erman, danish, esperanto, spanish, catalan, galician, estonian, farsi, finnish,
 french, greek, monogreek, ancientgreek, croatian, hungarian, interlingua, ibyc
us, indonesian, icelandic, italian, latin, mongolian, dutch, norsk, polish, por
tuguese, pinyin, romanian, russian, slovenian, uppersorbian, serbian, swedish, 
turkish, ukenglish, ukrainian, loaded.
(./gretsi.cls Classe LaTeX du GRETSI
Document Class: gretsi 2008/12/15 v1.2
(/usr/local/texlive/2007/texmf-dist/tex/latex/base/article.cls
Document Class: article 2005/09/16 v1.4f Standard LaTeX document class
(/usr/local/texlive/2007/texmf-dist/tex/latex/base/size10.clo
File: size10.clo 2005/09/16 v1.4f Standard LaTeX file (size option)
)
\c@part=\count79
\c@section=\count80
\c@subsection=\count81
\c@subsubsection=\count82
\c@paragraph=\count83
\c@subparagraph=\count84
\c@figure=\count85
\c@table=\count86
\abovecaptionskip=\skip41
\belowcaptionskip=\skip42
\bibindent=\dimen102
))
(/usr/local/texlive/2007/texmf-dist/tex/generic/babel/babel.sty
Package: babel 2005/11/23 v3.8h The Babel package

(/usr/local/texlive/2007/texmf-dist/tex/generic/babel/english.ldf
Language: english 2005/03/30 v3.3o English support from the babel system

(/usr/local/texlive/2007/texmf-dist/tex/generic/babel/babel.def
File: babel.def 2005/11/23 v3.8h Babel common definitions
\babel@savecnt=\count87
\U@D=\dimen103
)
\l@british = a dialect from \language\l@english 
\l@UKenglish = a dialect from \language\l@english 
\l@canadian = a dialect from \language\l@american 
\l@australian = a dialect from \language\l@british 
\l@newzealand = a dialect from \language\l@british 
)
(/usr/local/texlive/2007/texmf-dist/tex/generic/babel/frenchb.ldf
Language: french 2005/02/06 v1.6g French support from the babel system
Package babel Info: Making : an active character on input line 219.
Package babel Info: Making ; an active character on input line 220.
Package babel Info: Making ! an active character on input line 221.
Package babel Info: Making ? an active character on input line 222.
LaTeX Font Info:    Redeclaring font encoding T1 on input line 299.
\parindentFFN=\dimen104
\std@mcc=\count88
\dec@mcc=\count89

*************************************
* Local config file frenchb.cfg used
*
(/usr/local/texlive/2007/texmf-dist/tex/generic/babel/frenchb.cfg)))
(/usr/local/texlive/2007/texmf-dist/tex/latex/psnfss/times.sty
Package: times 2005/04/12 PSNFSS-v9.2a (SPQR) 
)
No file gretsifr.aux.
\openout1 = `gretsifr.aux'.

LaTeX Font Info:    Checking defaults for OML/cmm/m/it on input line 82.
LaTeX Font Info:    ... okay on input line 82.
LaTeX Font Info:    Checking defaults for T1/lmr/m/n on input line 82.
LaTeX Font Info:    Try loading font information for T1+lmr on input line 82.
(/usr/local/texlive/2007/texmf-dist/tex/latex/lm/t1lmr.fd
File: t1lmr.fd 2007/01/14 v1.3 Font defs for Latin Modern
)
LaTeX Font Info:    ... okay on input line 82.
LaTeX Font Info:    Checking defaults for OT1/cmr/m/n on input line 82.
LaTeX Font Info:    ... okay on input line 82.
LaTeX Font Info:    Checking defaults for OMS/cmsy/m/n on input line 82.
LaTeX Font Info:    ... okay on input line 82.
LaTeX Font Info:    Checking defaults for OMX/cmex/m/n on input line 82.
LaTeX Font Info:    ... okay on input line 82.
LaTeX Font Info:    Checking defaults for U/cmr/m/n on input line 82.
LaTeX Font Info:    ... okay on input line 82.
LaTeX Font Info:    Try loading font information for OT1+ptm on input line 82.

(/usr/local/texlive/2007/texmf-dist/tex/latex/psnfss/ot1ptm.fd
File: ot1ptm.fd 2001/06/04 font definitions for OT1/ptm.
)
LaTeX Info: Redefining \dots on input line 82.
LaTeX Font Info:    Font shape `OT1/ptm/bx/n' in size <17.28> not available
(Font)              Font shape `OT1/ptm/b/n' tried instead on input line 83.
LaTeX Font Info:    External font `cmex10' loaded for size
(Font)              <17.28> on input line 83.
LaTeX Font Info:    External font `cmex10' loaded for size
(Font)              <12> on input line 83.
LaTeX Font Info:    Font shape `OT1/ptm/bx/n' in size <12> not available
(Font)              Font shape `OT1/ptm/b/n' tried instead on input line 83.
LaTeX Font Info:    External font `cmex10' loaded for size
(Font)              <7> on input line 83.
LaTeX Font Info:    External font `cmex10' loaded for size
(Font)              <5> on input line 83.
LaTeX Font Info:    Try loading font information for OT1+pcr on input line 83.

(/usr/local/texlive/2007/texmf-dist/tex/latex/psnfss/ot1pcr.fd
File: ot1pcr.fd 2001/06/04 font definitions for OT1/pcr.
)
LaTeX Font Info:    Font shape `OT1/ptm/bx/n' in size <10> not available
(Font)              Font shape `OT1/ptm/b/n' tried instead on input line 83.
LaTeX Font Info:    External font `cmex10' loaded for size
(Font)              <9> on input line 83.
LaTeX Font Info:    External font `cmex10' loaded for size
(Font)              <6> on input line 83.
LaTeX Font Info:    Font shape `OT1/ptm/bx/n' in size <14.4> not available
(Font)              Font shape `OT1/ptm/b/n' tried instead on input line 85.
LaTeX Font Info:    Font shape `OT1/pcr/bx/n' in size <12> not available
(Font)              Font shape `OT1/pcr/b/n' tried instead on input line 86.

Overfull \hbox (15.61577pt too wide) in paragraph at lines 114--116
[]\OT1/pcr/m/n/10 \email{Prenom.Nom@labo.fr, pnom@ecole.fr} 
 []


Overfull \hbox (9.61577pt too wide) in paragraph at lines 117--120
[]\OT1/pcr/m/n/10 \resumefrancais{R\'esum\'e fran\c{c}ais} 
 []


Overfull \hbox (9.61577pt too wide) in paragraph at lines 117--120
[]\OT1/pcr/m/n/10 \resumeanglais{English written abstract} 
 []


Overfull \hbox (9.74275pt too wide) in paragraph at lines 142--147
[]\OT1/ptm/m/n/10 Votre ar-ticle []etant sans doute r[]edig[]e en fran[]ais, il
 est pr[]ef[]erable
 []

[1{/usr/local/texlive/2007/texmf-var/fonts/map/pdftex/updmap/pdftex.map}


]
Overfull \hbox (17.8324pt too wide) in paragraph at lines 179--180
[][]\OT1/pcr/m/n/10 \og{}texte entre guillemets\fg{} \OT1/ptm/m/n/10 avec \OT1/
pcr/m/n/10 babel\OT1/ptm/m/n/10 ; 
 []


Overfull \hbox (9.61577pt too wide) in paragraph at lines 180--183
[]\OT1/pcr/m/n/10 \leftguillemets{}texte\rightguillemets{} 
 []


LaTeX Warning: Reference `puissancededeux' on page 2 undefined on input line 18
9.


Overfull \hbox (13.0442pt too wide) in paragraph at lines 187--205
\OT1/ptm/m/n/10 la com-mande []\OT1/pcr/m/n/10 \legende\OT1/ptm/m/n/10 , qui re
m-place la com-mande []\OT1/pcr/m/n/10 \caption
 []


LaTeX Warning: Reference `cercle' on page 2 undefined on input line 207.


LaTeX Warning: \oval, \circle, or \line size unavailable on input line 212.


Overfull \hbox (2.90474pt too wide) in paragraph at lines 222--228
\OT1/ptm/m/n/10 ment []a l'aide des pa-quets \OT1/pcr/m/n/10 graphics\OT1/ptm/m
/n/10 , \OT1/pcr/m/n/10 graphicx \OT1/ptm/m/n/10 ou \OT1/pcr/m/n/10 epsfig\OT1/
ptm/m/n/10 .
 []


LaTeX Warning: Reference `formule' on page 2 undefined on input line 258.


Overfull \hbox (18.91278pt too wide) in paragraph at lines 255--259
\OT1/ptm/m/n/10 Quant aux for-mules math[]ematiques, leur as-pect pourra []etre
 am[]elior[]e
 []

[2] (./gretsifr.aux)

LaTeX Warning: There were undefined references.


LaTeX Warning: Label(s) may have changed. Rerun to get cross-references right.

 ) 
Here is how much of TeX's memory you used:
 1018 strings out of 94073
 12905 string characters out of 1162984
 71380 words of memory out of 1500000
 4327 multiletter control sequences out of 10000+50000
 31560 words of font info for 67 fonts, out of 1200000 for 2000
 645 hyphenation exceptions out of 8191
 29i,11n,24p,211b,297s stack positions out of 5000i,500n,6000p,200000b,5000s
{/usr/local/texlive/2007/texmf-dist/fonts/enc/dvips/base/8r.enc}</usr/local/t
exlive/2007/texmf-dist/fonts/type1/bluesky/cm/cmex10.pfb></usr/local/texlive/20
07/texmf-dist/fonts/type1/bluesky/cm/cmmi10.pfb></usr/local/texlive/2007/texmf-
dist/fonts/type1/bluesky/cm/cmmi7.pfb></usr/local/texlive/2007/texmf-dist/fonts
/type1/bluesky/cm/cmmi9.pfb></usr/local/texlive/2007/texmf-dist/fonts/type1/blu
esky/cm/cmmib10.pfb></usr/local/texlive/2007/texmf-dist/fonts/type1/bluesky/cm/
cmr10.pfb></usr/local/texlive/2007/texmf-dist/fonts/type1/bluesky/cm/cmsy10.pfb
></usr/local/texlive/2007/texmf-dist/fonts/type1/bluesky/cm/cmsy7.pfb></usr/loc
al/texlive/2007/texmf-dist/fonts/type1/bluesky/latex-fonts/lcircle1.pfb></usr/l
ocal/texlive/2007/texmf-dist/fonts/type1/urw/courier/ucrb8a.pfb></usr/local/tex
live/2007/texmf-dist/fonts/type1/urw/courier/ucrr8a.pfb></usr/local/texlive/200
7/texmf-dist/fonts/type1/urw/times/utmb8a.pfb></usr/local/texlive/2007/texmf-di
st/fonts/type1/urw/times/utmr8a.pfb></usr/local/texlive/2007/texmf-dist/fonts/t
ype1/urw/times/utmri8a.pfb>
Output written on gretsifr.pdf (2 pages, 100405 bytes).
PDF statistics:
 66 PDF objects out of 1000 (max. 8388607)
 0 named destinations out of 1000 (max. 131072)
 1 words of extra memory for PDF output out of 10000 (max. 10000000)

